<?xml version="1.0" encoding="UTF-8"?>
<testng-results skipped="0" failed="0" ignored="0" total="1" passed="1">
  <reporter-output>
  </reporter-output>
  <suite name="Default suite" duration-ms="49982" started-at="2020-11-13T09:05:10Z" finished-at="2020-11-13T09:06:00Z">
    <groups>
      <group name="cucumber">
        <method signature="AbstractTestNGCucumberTests.feature(cucumber.api.testng.CucumberFeatureWrapper)[pri:0, instance:runner.AddJob_Runner@6870c3c2]" name="feature" class="cucumber.api.testng.AbstractTestNGCucumberTests"/>
      </group> <!-- cucumber -->
    </groups>
    <test name="Default test" duration-ms="49982" started-at="2020-11-13T09:05:10Z" finished-at="2020-11-13T09:06:00Z">
      <class name="runner.AddJob_Runner">
        <test-method status="PASS" signature="setUpClass()[pri:0, instance:runner.AddJob_Runner@6870c3c2]" name="setUpClass" is-config="true" duration-ms="335" started-at="2020-11-13T09:05:10Z" finished-at="2020-11-13T09:05:10Z">
          <reporter-output>
          </reporter-output>
        </test-method> <!-- setUpClass -->
        <test-method status="PASS" signature="feature(cucumber.api.testng.CucumberFeatureWrapper)[pri:0, instance:runner.AddJob_Runner@6870c3c2]" name="feature" duration-ms="48992" started-at="2020-11-13T09:05:10Z" description="Runs Cucumber Feature" data-provider="features" finished-at="2020-11-13T09:05:59Z">
          <params>
            <param index="0">
              <value>
                <![CDATA[Job portal]]>
              </value>
            </param>
          </params>
          <reporter-output>
          </reporter-output>
        </test-method> <!-- feature -->
        <test-method status="PASS" signature="tearDownClass()[pri:0, instance:runner.AddJob_Runner@6870c3c2]" name="tearDownClass" is-config="true" duration-ms="541" started-at="2020-11-13T09:05:59Z" finished-at="2020-11-13T09:06:00Z">
          <reporter-output>
          </reporter-output>
        </test-method> <!-- tearDownClass -->
      </class> <!-- runner.AddJob_Runner -->
    </test> <!-- Default test -->
  </suite> <!-- Default suite -->
</testng-results>
